<?xml version="1.0" encoding="UTF-8"?>
<!-- Generated by org.testng.reporters.JUnitReportReporter -->
<testsuite hostname="LAPTOP-FTNGIE46" failures="0" tests="1" name="WebDriver_TestNG_Excel.Excel_Webdriver_TestNG" time="7.694" errors="0" timestamp="5 Nov 2022 04:36:25 GMT">
  <testcase classname="WebDriver_TestNG_Excel.Excel_Webdriver_TestNG" name="TC001" time="7.694"/>
</testsuite> <!-- WebDriver_TestNG_Excel.Excel_Webdriver_TestNG -->
