<?xml version="1.0" encoding="UTF-8"?>
<!-- Generated by org.testng.reporters.JUnitReportReporter -->
<testsuite hostname="LAPTOP-FTNGIE46" failures="0" tests="2" name="testNG.TestNG_Example1" time="0.006" errors="0" timestamp="8 Nov 2022 04:52:13 GMT">
  <testcase classname="testNG.TestNG_Example1" name="addEmp" time="0.005"/>
  <testcase classname="testNG.TestNG_Example1" name="dltEmp" time="0.001"/>
</testsuite> <!-- testNG.TestNG_Example1 -->
