<?xml version="1.0" encoding="UTF-8"?>
<!-- Generated by org.testng.reporters.JUnitReportReporter -->
<testsuite hostname="LAPTOP-FTNGIE46" failures="0" tests="1" name="com.hrms.framework.TC001_login_logout" time="3.268" errors="0" timestamp="8 Nov 2022 05:16:01 GMT">
  <testcase classname="com.hrms.framework.TC001_login_logout" name="tc101" time="3.268"/>
</testsuite> <!-- com.hrms.framework.TC001_login_logout -->
